2026-07-19 21:02:10,756 INFO inicio de la sonda para 2025-01-09; salida en C:\Users\Haka\Desktop\market_calendar\output_market_calendar\2025-01-09
2026-07-19 21:02:11,360 INFO captura de red registrada antes de navegar
2026-07-19 21:02:12,384 INFO navegacion completada con estado 200
2026-07-19 21:02:12,614 INFO no se detecto un aviso de cookies bloqueante
2026-07-19 21:02:12,675 INFO componente visible: div.component.react.trading-hours
2026-07-19 21:02:15,702 INFO componente operativo: sin carga visible y con la pestana 'Full Calendar' utilizable
2026-07-19 21:02:16,267 INFO vista 'Full Calendar' activa con control de fecha utilizable
2026-07-19 21:02:17,116 INFO firma de la tabla de Full Calendar capturada antes de actuar sobre el control de fecha
2026-07-19 21:02:18,031 INFO datepicker visible; se intenta navegar hasta 2025-01-09
2026-07-19 21:02:24,602 INFO dia 9 seleccionado en el datepicker
2026-07-19 21:02:24,646 INFO fecha verificada por el valor del control: 'thursday, 09 jan 2025'
2026-07-19 21:02:24,646 INFO fecha establecida mediante el datepicker del componente
2026-07-19 21:02:24,647 INFO fecha 2025-01-09 verificada; se espera la actualizacion de la tabla
2026-07-19 21:02:25,554 INFO tras seleccionar la fecha: tabla_cambio=True filas_datos=7 estable=True
2026-07-19 21:02:26,640 INFO control 'Futures' seleccionado
2026-07-19 21:02:26,717 INFO estado de los controles: Futures=False Options=False
2026-07-19 21:02:32,228 INFO termino 'MNQ': sin opcion visible que identifique el futuro MNQ
2026-07-19 21:02:33,069 INFO termino='MNQ' aceptado=True opcion_seleccionada=False tabla_cambio=True filas_datos=2 estable=True
2026-07-19 21:02:39,924 INFO termino 'Micro E-mini Nasdaq-100': sin opcion visible que identifique el futuro MNQ
2026-07-19 21:02:40,829 INFO termino='Micro E-mini Nasdaq-100' aceptado=True opcion_seleccionada=False tabla_cambio=True filas_datos=7 estable=True
2026-07-19 21:02:42,802 INFO filtro limpiado; se conserva la tabla de la fecha seleccionada (filas=7)
2026-07-19 21:02:55,907 INFO ruta de filtrado: termino='Equities' seleccionado=False tabla_cambio=True filas_datos=0 estable=False
2026-07-19 21:02:57,892 INFO filtro limpiado; se conserva la tabla de la fecha seleccionada (filas=7)
2026-07-19 21:02:57,917 INFO HTML guardado en page_after_selection.html
2026-07-19 21:02:59,033 INFO captura guardada en screenshot_after_selection.png
2026-07-19 21:02:59,206 INFO network capture: 57 peticiones oficiales, 56 cuerpos guardados
2026-07-19 21:02:59,379 INFO estado final=CAPTURED date_verified=True termino_aplicado=None respuestas=57 cuerpos=56
