2026-07-19 21:04:36,144 INFO inicio de la sonda para 2025-04-18; salida en C:\Users\Haka\Desktop\market_calendar\output_market_calendar\2025-04-18
2026-07-19 21:04:36,746 INFO captura de red registrada antes de navegar
2026-07-19 21:04:37,796 INFO navegacion completada con estado 200
2026-07-19 21:04:38,054 INFO no se detecto un aviso de cookies bloqueante
2026-07-19 21:04:38,076 INFO componente visible: div.component.react.trading-hours
2026-07-19 21:04:39,484 INFO componente operativo: sin carga visible y con la pestana 'Full Calendar' utilizable
2026-07-19 21:04:40,045 INFO vista 'Full Calendar' activa con control de fecha utilizable
2026-07-19 21:04:40,895 INFO firma de la tabla de Full Calendar capturada antes de actuar sobre el control de fecha
2026-07-19 21:04:41,815 INFO datepicker visible; se intenta navegar hasta 2025-04-18
2026-07-19 21:04:47,408 INFO dia 18 seleccionado en el datepicker
2026-07-19 21:04:47,454 INFO fecha verificada por el valor del control: 'friday, 18 apr 2025'
2026-07-19 21:04:47,454 INFO fecha establecida mediante el datepicker del componente
2026-07-19 21:04:47,455 INFO fecha 2025-04-18 verificada; se espera la actualizacion de la tabla
2026-07-19 21:04:48,360 INFO tras seleccionar la fecha: tabla_cambio=True filas_datos=7 estable=True
2026-07-19 21:04:49,443 INFO control 'Futures' seleccionado
2026-07-19 21:04:49,497 INFO estado de los controles: Futures=False Options=False
2026-07-19 21:04:54,969 INFO termino 'MNQ': sin opcion visible que identifique el futuro MNQ
2026-07-19 21:04:55,811 INFO termino='MNQ' aceptado=True opcion_seleccionada=False tabla_cambio=True filas_datos=2 estable=True
2026-07-19 21:05:02,713 INFO termino 'Micro E-mini Nasdaq-100': sin opcion visible que identifique el futuro MNQ
2026-07-19 21:05:03,606 INFO termino='Micro E-mini Nasdaq-100' aceptado=True opcion_seleccionada=False tabla_cambio=True filas_datos=7 estable=True
2026-07-19 21:05:05,589 INFO filtro limpiado; se conserva la tabla de la fecha seleccionada (filas=7)
2026-07-19 21:05:18,633 INFO ruta de filtrado: termino='Equities' seleccionado=False tabla_cambio=True filas_datos=0 estable=False
2026-07-19 21:05:20,502 INFO filtro limpiado; se conserva la tabla de la fecha seleccionada (filas=7)
2026-07-19 21:05:20,525 INFO HTML guardado en page_after_selection.html
2026-07-19 21:05:21,621 INFO captura guardada en screenshot_after_selection.png
2026-07-19 21:05:21,795 INFO network capture: 54 peticiones oficiales, 53 cuerpos guardados
2026-07-19 21:05:21,983 INFO estado final=CAPTURED date_verified=True termino_aplicado=None respuestas=54 cuerpos=53
