2026-07-19 21:12:52,421 INFO inicio de la sonda para 2025-12-25; salida en C:\Users\Haka\Desktop\market_calendar\output_market_calendar\2025-12-25
2026-07-19 21:12:52,996 INFO captura de red registrada antes de navegar
2026-07-19 21:12:53,855 INFO navegacion completada con estado 200
2026-07-19 21:12:54,082 INFO no se detecto un aviso de cookies bloqueante
2026-07-19 21:12:54,143 INFO componente visible: div.component.react.trading-hours
2026-07-19 21:12:55,565 INFO componente operativo: sin carga visible y con la pestana 'Full Calendar' utilizable
2026-07-19 21:12:56,129 INFO vista 'Full Calendar' activa con control de fecha utilizable
2026-07-19 21:12:56,984 INFO firma de la tabla de Full Calendar capturada antes de actuar sobre el control de fecha
2026-07-19 21:12:57,907 INFO datepicker visible; se intenta navegar hasta 2025-12-25
2026-07-19 21:13:01,088 INFO dia 25 seleccionado en el datepicker
2026-07-19 21:13:01,133 INFO fecha verificada por el valor del control: 'thursday, 25 dec 2025'
2026-07-19 21:13:01,133 INFO fecha establecida mediante el datepicker del componente
2026-07-19 21:13:01,134 INFO fecha 2025-12-25 verificada; se espera la actualizacion de la tabla
2026-07-19 21:13:02,042 INFO tras seleccionar la fecha: tabla_cambio=True filas_datos=7 estable=True
2026-07-19 21:13:03,126 INFO control 'Futures' seleccionado
2026-07-19 21:13:03,202 INFO estado de los controles: Futures=False Options=False
2026-07-19 21:13:08,718 INFO termino 'MNQ': sin opcion visible que identifique el futuro MNQ
2026-07-19 21:13:09,559 INFO termino='MNQ' aceptado=True opcion_seleccionada=False tabla_cambio=True filas_datos=2 estable=True
2026-07-19 21:13:16,459 INFO termino 'Micro E-mini Nasdaq-100': sin opcion visible que identifique el futuro MNQ
2026-07-19 21:13:17,362 INFO termino='Micro E-mini Nasdaq-100' aceptado=True opcion_seleccionada=False tabla_cambio=True filas_datos=7 estable=True
2026-07-19 21:13:19,364 INFO filtro limpiado; se conserva la tabla de la fecha seleccionada (filas=7)
2026-07-19 21:13:32,475 INFO ruta de filtrado: termino='Equities' seleccionado=False tabla_cambio=True filas_datos=0 estable=False
2026-07-19 21:13:34,297 INFO filtro limpiado; se conserva la tabla de la fecha seleccionada (filas=7)
2026-07-19 21:13:34,322 INFO HTML guardado en page_after_selection.html
2026-07-19 21:13:35,470 INFO captura guardada en screenshot_after_selection.png
2026-07-19 21:13:35,614 INFO network capture: 45 peticiones oficiales, 44 cuerpos guardados
2026-07-19 21:13:35,791 INFO estado final=CAPTURED date_verified=True termino_aplicado=None respuestas=45 cuerpos=44
