2026-07-19 21:01:21,232 INFO inicio de la sonda para 2025-01-01; salida en C:\Users\Haka\Desktop\market_calendar\output_market_calendar\2025-01-01
2026-07-19 21:01:23,667 INFO captura de red registrada antes de navegar
2026-07-19 21:01:24,319 INFO navegacion completada con estado 200
2026-07-19 21:01:24,858 INFO no se detecto un aviso de cookies bloqueante
2026-07-19 21:01:24,930 INFO componente visible: div.component.react.trading-hours
2026-07-19 21:01:26,767 INFO componente operativo: sin carga visible y con la pestana 'Full Calendar' utilizable
2026-07-19 21:01:27,326 INFO vista 'Full Calendar' activa con control de fecha utilizable
2026-07-19 21:01:28,177 INFO firma de la tabla de Full Calendar capturada antes de actuar sobre el control de fecha
2026-07-19 21:01:29,096 INFO datepicker visible; se intenta navegar hasta 2025-01-01
2026-07-19 21:01:35,668 INFO dia 1 seleccionado en el datepicker
2026-07-19 21:01:35,726 INFO fecha verificada por el valor del control: 'wednesday, 01 jan 2025'
2026-07-19 21:01:35,726 INFO fecha establecida mediante el datepicker del componente
2026-07-19 21:01:35,727 INFO fecha 2025-01-01 verificada; se espera la actualizacion de la tabla
2026-07-19 21:01:36,630 INFO tras seleccionar la fecha: tabla_cambio=True filas_datos=7 estable=True
2026-07-19 21:01:37,724 INFO control 'Futures' seleccionado
2026-07-19 21:01:37,811 INFO estado de los controles: Futures=False Options=False
2026-07-19 21:01:43,298 INFO termino 'MNQ': sin opcion visible que identifique el futuro MNQ
2026-07-19 21:01:44,138 INFO termino='MNQ' aceptado=True opcion_seleccionada=False tabla_cambio=True filas_datos=2 estable=True
2026-07-19 21:01:51,059 INFO termino 'Micro E-mini Nasdaq-100': sin opcion visible que identifique el futuro MNQ
2026-07-19 21:01:51,964 INFO termino='Micro E-mini Nasdaq-100' aceptado=True opcion_seleccionada=False tabla_cambio=True filas_datos=7 estable=True
2026-07-19 21:01:53,857 INFO filtro limpiado; se conserva la tabla de la fecha seleccionada (filas=7)
2026-07-19 21:02:06,968 INFO ruta de filtrado: termino='Equities' seleccionado=False tabla_cambio=True filas_datos=0 estable=False
2026-07-19 21:02:08,840 INFO filtro limpiado; se conserva la tabla de la fecha seleccionada (filas=7)
2026-07-19 21:02:08,866 INFO HTML guardado en page_after_selection.html
2026-07-19 21:02:09,995 INFO captura guardada en screenshot_after_selection.png
2026-07-19 21:02:10,176 INFO network capture: 57 peticiones oficiales, 56 cuerpos guardados
2026-07-19 21:02:10,365 INFO estado final=CAPTURED date_verified=True termino_aplicado=None respuestas=57 cuerpos=56
