2026-07-19 21:09:10,759 INFO inicio de la sonda para 2025-10-13; salida en C:\Users\Haka\Desktop\market_calendar\output_market_calendar\2025-10-13
2026-07-19 21:09:11,436 INFO captura de red registrada antes de navegar
2026-07-19 21:09:12,254 INFO navegacion completada con estado 200
2026-07-19 21:09:12,483 INFO no se detecto un aviso de cookies bloqueante
2026-07-19 21:09:12,542 INFO componente visible: div.component.react.trading-hours
2026-07-19 21:09:14,370 INFO componente operativo: sin carga visible y con la pestana 'Full Calendar' utilizable
2026-07-19 21:09:14,945 INFO vista 'Full Calendar' activa con control de fecha utilizable
2026-07-19 21:09:15,797 INFO firma de la tabla de Full Calendar capturada antes de actuar sobre el control de fecha
2026-07-19 21:09:16,717 INFO datepicker visible; se intenta navegar hasta 2025-10-13
2026-07-19 21:09:20,518 INFO dia 13 seleccionado en el datepicker
2026-07-19 21:09:20,565 INFO fecha verificada por el valor del control: 'monday, 13 oct 2025'
2026-07-19 21:09:20,565 INFO fecha establecida mediante el datepicker del componente
2026-07-19 21:09:20,567 INFO fecha 2025-10-13 verificada; se espera la actualizacion de la tabla
2026-07-19 21:09:21,476 INFO tras seleccionar la fecha: tabla_cambio=True filas_datos=7 estable=True
2026-07-19 21:09:22,570 INFO control 'Futures' seleccionado
2026-07-19 21:09:22,618 INFO estado de los controles: Futures=False Options=False
2026-07-19 21:09:28,125 INFO termino 'MNQ': sin opcion visible que identifique el futuro MNQ
2026-07-19 21:09:28,967 INFO termino='MNQ' aceptado=True opcion_seleccionada=False tabla_cambio=True filas_datos=2 estable=True
2026-07-19 21:09:35,877 INFO termino 'Micro E-mini Nasdaq-100': sin opcion visible que identifique el futuro MNQ
2026-07-19 21:09:36,792 INFO termino='Micro E-mini Nasdaq-100' aceptado=True opcion_seleccionada=False tabla_cambio=True filas_datos=7 estable=True
2026-07-19 21:09:38,676 INFO filtro limpiado; se conserva la tabla de la fecha seleccionada (filas=7)
2026-07-19 21:09:51,786 INFO ruta de filtrado: termino='Equities' seleccionado=False tabla_cambio=True filas_datos=0 estable=False
2026-07-19 21:09:53,607 INFO filtro limpiado; se conserva la tabla de la fecha seleccionada (filas=7)
2026-07-19 21:09:53,632 INFO HTML guardado en page_after_selection.html
2026-07-19 21:09:54,794 INFO captura guardada en screenshot_after_selection.png
2026-07-19 21:09:54,944 INFO network capture: 47 peticiones oficiales, 46 cuerpos guardados
2026-07-19 21:09:55,123 INFO estado final=CAPTURED date_verified=True termino_aplicado=None respuestas=47 cuerpos=46
