2026-07-19 21:03:47,183 INFO inicio de la sonda para 2025-02-17; salida en C:\Users\Haka\Desktop\market_calendar\output_market_calendar\2025-02-17
2026-07-19 21:03:47,773 INFO captura de red registrada antes de navegar
2026-07-19 21:03:48,683 INFO navegacion completada con estado 200
2026-07-19 21:03:48,948 INFO no se detecto un aviso de cookies bloqueante
2026-07-19 21:03:49,001 INFO componente visible: div.component.react.trading-hours
2026-07-19 21:03:52,831 INFO componente operativo: sin carga visible y con la pestana 'Full Calendar' utilizable
2026-07-19 21:03:53,382 INFO vista 'Full Calendar' activa con control de fecha utilizable
2026-07-19 21:03:54,234 INFO firma de la tabla de Full Calendar capturada antes de actuar sobre el control de fecha
2026-07-19 21:03:55,155 INFO datepicker visible; se intenta navegar hasta 2025-02-17
2026-07-19 21:04:01,370 INFO dia 17 seleccionado en el datepicker
2026-07-19 21:04:01,415 INFO fecha verificada por el valor del control: 'monday, 17 feb 2025'
2026-07-19 21:04:01,421 INFO fecha establecida mediante el datepicker del componente
2026-07-19 21:04:01,422 INFO fecha 2025-02-17 verificada; se espera la actualizacion de la tabla
2026-07-19 21:04:02,330 INFO tras seleccionar la fecha: tabla_cambio=True filas_datos=7 estable=True
2026-07-19 21:04:03,420 INFO control 'Futures' seleccionado
2026-07-19 21:04:03,469 INFO estado de los controles: Futures=False Options=False
2026-07-19 21:04:08,962 INFO termino 'MNQ': sin opcion visible que identifique el futuro MNQ
2026-07-19 21:04:09,807 INFO termino='MNQ' aceptado=True opcion_seleccionada=False tabla_cambio=True filas_datos=2 estable=True
2026-07-19 21:04:16,662 INFO termino 'Micro E-mini Nasdaq-100': sin opcion visible que identifique el futuro MNQ
2026-07-19 21:04:17,563 INFO termino='Micro E-mini Nasdaq-100' aceptado=True opcion_seleccionada=False tabla_cambio=True filas_datos=7 estable=True
2026-07-19 21:04:19,383 INFO filtro limpiado; se conserva la tabla de la fecha seleccionada (filas=7)
2026-07-19 21:04:32,478 INFO ruta de filtrado: termino='Equities' seleccionado=False tabla_cambio=True filas_datos=0 estable=False
2026-07-19 21:04:34,273 INFO filtro limpiado; se conserva la tabla de la fecha seleccionada (filas=7)
2026-07-19 21:04:34,297 INFO HTML guardado en page_after_selection.html
2026-07-19 21:04:35,407 INFO captura guardada en screenshot_after_selection.png
2026-07-19 21:04:35,576 INFO network capture: 56 peticiones oficiales, 55 cuerpos guardados
2026-07-19 21:04:35,760 INFO estado final=CAPTURED date_verified=True termino_aplicado=None respuestas=56 cuerpos=55
