2026-07-19 21:10:39,493 INFO inicio de la sonda para 2025-11-27; salida en C:\Users\Haka\Desktop\market_calendar\output_market_calendar\2025-11-27
2026-07-19 21:10:40,096 INFO captura de red registrada antes de navegar
2026-07-19 21:10:40,958 INFO navegacion completada con estado 200
2026-07-19 21:10:41,195 INFO no se detecto un aviso de cookies bloqueante
2026-07-19 21:10:41,236 INFO componente visible: div.component.react.trading-hours
2026-07-19 21:10:42,665 INFO componente operativo: sin carga visible y con la pestana 'Full Calendar' utilizable
2026-07-19 21:10:43,231 INFO vista 'Full Calendar' activa con control de fecha utilizable
2026-07-19 21:10:44,083 INFO firma de la tabla de Full Calendar capturada antes de actuar sobre el control de fecha
2026-07-19 21:10:45,003 INFO datepicker visible; se intenta navegar hasta 2025-11-27
2026-07-19 21:10:48,474 INFO dia 27 seleccionado en el datepicker
2026-07-19 21:10:48,558 INFO fecha verificada por el valor del control: 'thursday, 27 nov 2025'
2026-07-19 21:10:48,558 INFO fecha establecida mediante el datepicker del componente
2026-07-19 21:10:48,559 INFO fecha 2025-11-27 verificada; se espera la actualizacion de la tabla
2026-07-19 21:10:49,467 INFO tras seleccionar la fecha: tabla_cambio=True filas_datos=7 estable=True
2026-07-19 21:10:50,568 INFO control 'Futures' seleccionado
2026-07-19 21:10:50,617 INFO estado de los controles: Futures=False Options=False
2026-07-19 21:10:56,140 INFO termino 'MNQ': sin opcion visible que identifique el futuro MNQ
2026-07-19 21:10:56,986 INFO termino='MNQ' aceptado=True opcion_seleccionada=False tabla_cambio=True filas_datos=2 estable=True
2026-07-19 21:11:03,864 INFO termino 'Micro E-mini Nasdaq-100': sin opcion visible que identifique el futuro MNQ
2026-07-19 21:11:04,770 INFO termino='Micro E-mini Nasdaq-100' aceptado=True opcion_seleccionada=False tabla_cambio=True filas_datos=7 estable=True
2026-07-19 21:11:06,573 INFO filtro limpiado; se conserva la tabla de la fecha seleccionada (filas=7)
2026-07-19 21:11:19,693 INFO ruta de filtrado: termino='Equities' seleccionado=False tabla_cambio=True filas_datos=0 estable=False
2026-07-19 21:11:21,664 INFO filtro limpiado; se conserva la tabla de la fecha seleccionada (filas=7)
2026-07-19 21:11:21,690 INFO HTML guardado en page_after_selection.html
2026-07-19 21:11:22,847 INFO captura guardada en screenshot_after_selection.png
2026-07-19 21:11:22,998 INFO network capture: 46 peticiones oficiales, 45 cuerpos guardados
2026-07-19 21:11:23,172 INFO estado final=CAPTURED date_verified=True termino_aplicado=None respuestas=46 cuerpos=45
