2026-07-19 21:11:23,558 INFO inicio de la sonda para 2025-11-28; salida en C:\Users\Haka\Desktop\market_calendar\output_market_calendar\2025-11-28
2026-07-19 21:11:24,168 INFO captura de red registrada antes de navegar
2026-07-19 21:11:25,015 INFO navegacion completada con estado 200
2026-07-19 21:11:25,247 INFO no se detecto un aviso de cookies bloqueante
2026-07-19 21:11:25,317 INFO componente visible: div.component.react.trading-hours
2026-07-19 21:11:26,815 INFO componente operativo: sin carga visible y con la pestana 'Full Calendar' utilizable
2026-07-19 21:11:27,376 INFO vista 'Full Calendar' activa con control de fecha utilizable
2026-07-19 21:11:28,230 INFO firma de la tabla de Full Calendar capturada antes de actuar sobre el control de fecha
2026-07-19 21:11:29,150 INFO datepicker visible; se intenta navegar hasta 2025-11-28
2026-07-19 21:11:32,696 INFO dia 28 seleccionado en el datepicker
2026-07-19 21:11:32,759 INFO fecha verificada por el valor del control: 'friday, 28 nov 2025'
2026-07-19 21:11:32,759 INFO fecha establecida mediante el datepicker del componente
2026-07-19 21:11:32,760 INFO fecha 2025-11-28 verificada; se espera la actualizacion de la tabla
2026-07-19 21:11:33,663 INFO tras seleccionar la fecha: tabla_cambio=True filas_datos=7 estable=True
2026-07-19 21:11:34,757 INFO control 'Futures' seleccionado
2026-07-19 21:11:34,802 INFO estado de los controles: Futures=False Options=False
2026-07-19 21:11:40,294 INFO termino 'MNQ': sin opcion visible que identifique el futuro MNQ
2026-07-19 21:11:41,135 INFO termino='MNQ' aceptado=True opcion_seleccionada=False tabla_cambio=True filas_datos=2 estable=True
2026-07-19 21:11:48,030 INFO termino 'Micro E-mini Nasdaq-100': sin opcion visible que identifique el futuro MNQ
2026-07-19 21:11:48,943 INFO termino='Micro E-mini Nasdaq-100' aceptado=True opcion_seleccionada=False tabla_cambio=True filas_datos=7 estable=True
2026-07-19 21:11:50,768 INFO filtro limpiado; se conserva la tabla de la fecha seleccionada (filas=7)
2026-07-19 21:12:03,869 INFO ruta de filtrado: termino='Equities' seleccionado=False tabla_cambio=True filas_datos=0 estable=False
2026-07-19 21:12:05,862 INFO filtro limpiado; se conserva la tabla de la fecha seleccionada (filas=7)
2026-07-19 21:12:05,888 INFO HTML guardado en page_after_selection.html
2026-07-19 21:12:06,987 INFO captura guardada en screenshot_after_selection.png
2026-07-19 21:12:07,140 INFO network capture: 46 peticiones oficiales, 45 cuerpos guardados
2026-07-19 21:12:07,312 INFO estado final=CAPTURED date_verified=True termino_aplicado=None respuestas=46 cuerpos=45
